Added Component: Designator=P1(KF250_KEFA_22P_PHOENIX)
Add component (AddParameter): Name = "LatestRevisionDate"; Value = "17-Jul-2002"; VariantName = "[No Variations]"
Add component (AddParameter): Name = "LatestRevisionNote"; Value = "Re-released for DXP Platform."; VariantName = "[No Variations]"
Add component (AddParameter): Name = "Publisher"; Value = "Altium Limited"; VariantName = "[No Variations]"
Added Component: Designator=P2(KF250_KEFA_22P_PHOENIX)
Add component (AddParameter): Name = "LatestRevisionDate"; Value = "17-Jul-2002"; VariantName = "[No Variations]"
Add component (AddParameter): Name = "LatestRevisionNote"; Value = "Re-released for DXP Platform."; VariantName = "[No Variations]"
Add component (AddParameter): Name = "Publisher"; Value = "Altium Limited"; VariantName = "[No Variations]"
Added Pin To Net: NetName=VBAT Pin=P1-1
Added Pin To Net: NetName=VBAT- Pin=P1-2
Added Pin To Net: NetName=REG25 Pin=P1-3
Added Pin To Net: NetName=NTC Pin=P1-4
Added Pin To Net: NetName=VSENSOR Pin=P1-5
Added Pin To Net: NetName=GND Pin=P1-6
Added Pin To Net: NetName=NetF2_1 Pin=P1-7
Added Pin To Net: NetName=GNDiso Pin=P1-8
Added Pin To Net: NetName=EXC+T Pin=P1-9
Added Pin To Net: NetName=GND Pin=P1-10
Added Pin To Net: NetName=485A-TX2 Pin=P1-11
Added Pin To Net: NetName=485B-RX2 Pin=P1-12
Added Pin To Net: NetName=GND Pin=P1-13
Added Pin To Net: NetName=DO1 Pin=P1-14
Added Pin To Net: NetName=RI1 Pin=P1-15
Added Pin To Net: NetName=GND Pin=P1-16
Added Pin To Net: NetName=DO4 Pin=P1-17
Added Pin To Net: NetName=RI4 Pin=P1-18
Added Pin To Net: NetName=GND Pin=P1-19
Added Pin To Net: NetName=12V Pin=P1-20
Added Pin To Net: NetName=SDIdata Pin=P1-21
Added Pin To Net: NetName=GND Pin=P1-22
Added Pin To Net: NetName=GND Pin=P2-1
Added Pin To Net: NetName=WSP+ Pin=P2-2
Added Pin To Net: NetName=5V Pin=P2-3
Added Pin To Net: NetName=In6+ Pin=P2-4
Added Pin To Net: NetName=AIn6-_T Pin=P2-5
Added Pin To Net: NetName=Earth Pin=P2-6
Added Pin To Net: NetName=Rain+ Pin=P2-7
Added Pin To Net: NetName=Rain- Pin=P2-8
Added Pin To Net: NetName=VDC1 Pin=P2-9
Added Pin To Net: NetName=DOUT1 Pin=P2-10
Added Pin To Net: NetName=GND Pin=P2-11
Added Pin To Net: NetName=VDC2 Pin=P2-12
Added Pin To Net: NetName=DOUT2 Pin=P2-13
Added Pin To Net: NetName=GND Pin=P2-14
Added Pin To Net: NetName=In1+ Pin=P2-15
Added Pin To Net: NetName=AIn1-_T Pin=P2-16
Added Pin To Net: NetName=In2+ Pin=P2-17
Added Pin To Net: NetName=AIn2-_T Pin=P2-18
Added Pin To Net: NetName=In3+ Pin=P2-19
Added Pin To Net: NetName=AIn3-_T Pin=P2-20
Added Pin To Net: NetName=In4+ Pin=P2-21
Added Pin To Net: NetName=AIn4-_T Pin=P2-22
Added Member To Class: ClassName=U_Jack Member=Component P1 Header 22
Added Member To Class: ClassName=U_Jack Member=Component P2 Header 22
