Removed Pin From Net: NetName=485A-TX2 Pin=P1-11
Removed Pin From Net: NetName=485B-RX2 Pin=P1-12
Removed Pin From Net: NetName=DO1 Pin=P1-14
Removed Pin From Net: NetName=RI1 Pin=P1-15
Removed Pin From Net: NetName=GND Pin=P1-16
Removed Pin From Net: NetName=DO4 Pin=P1-17
Removed Pin From Net: NetName=RI4 Pin=P1-18
Removed Pin From Net: NetName=GND Pin=P1-19
Removed Pin From Net: NetName=12V Pin=P1-20
Removed Pin From Net: NetName=SDIdata Pin=P1-21
Removed Pin From Net: NetName=GND Pin=P1-22
Removed Pin From Net: NetName=Earth Pin=P2-6
Removed Pin From Net: NetName=Rain+ Pin=P2-7
Removed Pin From Net: NetName=Rain- Pin=P2-8
Removed Pin From Net: NetName=VDC1 Pin=P2-9
Removed Pin From Net: NetName=NetF3_1 Pin=P2-10
Removed Pin From Net: NetName=GND Pin=P2-11
Removed Pin From Net: NetName=VDC2 Pin=P2-12
Removed Pin From Net: NetName=NetF4_1 Pin=P2-13
Removed Pin From Net: NetName=GND Pin=P2-14
Removed Pin From Net: NetName=In1+ Pin=P2-15
Removed Pin From Net: NetName=AIn1-_T Pin=P2-16
Removed Pin From Net: NetName=In2+ Pin=P2-17
Removed Pin From Net: NetName=AIn2-_T Pin=P2-18
Removed Pin From Net: NetName=In3+ Pin=P2-19
Removed Pin From Net: NetName=AIn3-_T Pin=P2-20
Removed Pin From Net: NetName=In4+ Pin=P2-21
Removed Pin From Net: NetName=AIn4-_T Pin=P2-22
Added Pin To Net: NetName=12V Pin=P1-11
Added Pin To Net: NetName=SDIdata Pin=P1-12
Added Pin To Net: NetName=In1+ Pin=P1-14
Added Pin To Net: NetName=AIn1-_T Pin=P1-15
Added Pin To Net: NetName=In2+ Pin=P1-16
Added Pin To Net: NetName=AIn2-_T Pin=P1-17
Added Pin To Net: NetName=In3+ Pin=P1-18
Added Pin To Net: NetName=AIn3-_T Pin=P1-19
Added Pin To Net: NetName=In4+ Pin=P1-20
Added Pin To Net: NetName=AIn4-_T Pin=P1-21
Added Pin To Net: NetName=Earth Pin=P1-22
Added Pin To Net: NetName=Rain+ Pin=P2-6
Added Pin To Net: NetName=Rain- Pin=P2-7
Added Pin To Net: NetName=VDC1 Pin=P2-8
Added Pin To Net: NetName=NetF3_1 Pin=P2-9
Added Pin To Net: NetName=GND Pin=P2-10
Added Pin To Net: NetName=VDC2 Pin=P2-11
Added Pin To Net: NetName=NetF4_1 Pin=P2-12
Added Pin To Net: NetName=GND Pin=P2-13
Added Pin To Net: NetName=485A-TX2 Pin=P2-14
Added Pin To Net: NetName=485B-RX2 Pin=P2-15
Added Pin To Net: NetName=GND Pin=P2-16
Added Pin To Net: NetName=DO1 Pin=P2-17
Added Pin To Net: NetName=RI1 Pin=P2-18
Added Pin To Net: NetName=GND Pin=P2-19
Added Pin To Net: NetName=DO4 Pin=P2-20
Added Pin To Net: NetName=RI4 Pin=P2-21
Added Pin To Net: NetName=GND Pin=P2-22
